<?xml version="1.0" encoding="UTF-8"?>
<!-- Generated by org.testng.reporters.JUnitReportReporter -->
<testsuite hostname="ATMECSINDT-029" name="redBus.RedBus" tests="1" failures="0" timestamp="10 Feb 2015 07:44:39 GMT" time="53.802" errors="0">
  <testcase name="Test" time="53.802" classname="redBus.RedBus"/>
</testsuite> <!-- redBus.RedBus -->
